  compilation object save succeeded; see D:\Profiles\ple5024\Documents\Github\IGME689\x64\Release\PixelShader.cso
  compilation object save succeeded; see D:\Profiles\ple5024\Documents\Github\IGME689\x64\Release\VertexShader.cso
  Camera.cpp
  Game.cpp
  gameObject.cpp
  Graphics.cpp
  imgui.cpp
  imgui_demo.cpp
  imgui_draw.cpp
  imgui_impl_dx11.cpp
  imgui_impl_win32.cpp
  imgui_tables.cpp
  imgui_widgets.cpp
  Input.cpp
  Main.cpp
  Material.cpp
  Mesh.cpp
C:\Program Files\Microsoft Visual Studio\2022\Enterprise\VC\Tools\MSVC\14.40.33807\include\xutility(4672,18): warning C4244: '=': conversion from 'const wchar_t' to 'char', possible loss of data
  PathHelpers.cpp
  SimpleShader.cpp
  Transform.cpp
  Window.cpp
     Creating library D:\Profiles\ple5024\Documents\Github\IGME689\x64\Release\D3D11Starter.lib and object D:\Profiles\ple5024\Documents\Github\IGME689\x64\Release\D3D11Starter.exp
  Generating code
  Previous IPDB not found, fall back to full compilation.
  All 3773 functions were compiled because no usable IPDB/IOBJ from previous compilation was found.
  Finished generating code
  D3D11Starter.vcxproj -> D:\Profiles\ple5024\Documents\Github\IGME689\x64\Release\D3D11Starter.exe
